<?xml version="1.0" encoding="UTF-8"?>
<!-- Generated by org.testng.reporters.JUnitXMLReporter -->
<testsuite ignored="0" hostname="IN-PG02C846" failures="0" tests="4" name="Test" time="22.926" errors="0" timestamp="2023-10-04T07:11:50 IST">
  <testcase classname="m_jk.mvjek.firsttest" name="Testgoogle" time="11.753"/>
  <testcase classname="m_jk.mvjek.second_Test" name="Testgoogle" time="3.743"/>
  <testcase classname="m_jk.mvjek.thirdtest" name="Testgoogle" time="3.66"/>
  <testcase classname="m_jk.mvjek.forthtest" name="Testgoogle" time="3.729"/>
</testsuite> <!-- Test -->
