<?xml version="1.0" encoding="UTF-8"?>
<testng-results ignored="0" total="4" passed="4" failed="0" skipped="0">
  <reporter-output>
  </reporter-output>
  <suite started-at="2023-10-04T07:11:27 IST" name="Suite" finished-at="2023-10-04T07:11:50 IST" duration-ms="22926">
    <groups>
    </groups>
    <test started-at="2023-10-04T07:11:27 IST" name="Test" finished-at="2023-10-04T07:11:50 IST" duration-ms="22926">
      <class name="m_jk.mvjek.firsttest">
        <test-method signature="Testgoogle()[pri:0, instance:m_jk.mvjek.firsttest@498d318c]" started-at="2023-10-04T07:11:27 IST" name="Testgoogle" finished-at="2023-10-04T07:11:39 IST" duration-ms="11753" status="PASS">
          <reporter-output>
          </reporter-output>
        </test-method> <!-- Testgoogle -->
      </class> <!-- m_jk.mvjek.firsttest -->
      <class name="m_jk.mvjek.thirdtest">
        <test-method signature="Testgoogle()[pri:0, instance:m_jk.mvjek.thirdtest@1d9b7cce]" started-at="2023-10-04T07:11:42 IST" name="Testgoogle" finished-at="2023-10-04T07:11:46 IST" duration-ms="3660" status="PASS">
          <reporter-output>
          </reporter-output>
        </test-method> <!-- Testgoogle -->
      </class> <!-- m_jk.mvjek.thirdtest -->
      <class name="m_jk.mvjek.second_Test">
        <test-method signature="Testgoogle()[pri:0, instance:m_jk.mvjek.second_Test@7334aada]" started-at="2023-10-04T07:11:39 IST" name="Testgoogle" finished-at="2023-10-04T07:11:42 IST" duration-ms="3743" status="PASS">
          <reporter-output>
          </reporter-output>
        </test-method> <!-- Testgoogle -->
      </class> <!-- m_jk.mvjek.second_Test -->
      <class name="m_jk.mvjek.forthtest">
        <test-method signature="Testgoogle()[pri:0, instance:m_jk.mvjek.forthtest@4d9e68d0]" started-at="2023-10-04T07:11:46 IST" name="Testgoogle" finished-at="2023-10-04T07:11:50 IST" duration-ms="3729" status="PASS">
          <reporter-output>
          </reporter-output>
        </test-method> <!-- Testgoogle -->
      </class> <!-- m_jk.mvjek.forthtest -->
    </test> <!-- Test -->
  </suite> <!-- Suite -->
</testng-results>
