<?xml version="1.0" encoding="UTF-8"?>
<testng-results ignored="0" total="1" passed="1" failed="0" skipped="0">
  <reporter-output>
  </reporter-output>
  <suite started-at="2023-10-04T06:39:13 IST" name="Surefire suite" finished-at="2023-10-04T06:39:26 IST" duration-ms="13158">
    <groups>
    </groups>
    <test started-at="2023-10-04T06:39:13 IST" name="Surefire test" finished-at="2023-10-04T06:39:26 IST" duration-ms="13158">
      <class name="m_jk.mvjek.firsttest">
        <test-method signature="Testgoogle()[pri:0, instance:m_jk.mvjek.firsttest@56de5251]" started-at="2023-10-04T06:39:13 IST" name="Testgoogle" finished-at="2023-10-04T06:39:26 IST" duration-ms="13123" status="PASS">
          <reporter-output>
          </reporter-output>
        </test-method> <!-- Testgoogle -->
      </class> <!-- m_jk.mvjek.firsttest -->
    </test> <!-- Surefire test -->
  </suite> <!-- Surefire suite -->
</testng-results>
