<?xml version="1.0" encoding="UTF-8"?>
<testng-results ignored="0" total="1" passed="1" failed="0" skipped="0">
  <reporter-output>
  </reporter-output>
  <suite started-at="2023-10-04T04:52:21 IST" name="Default suite" finished-at="2023-10-04T04:52:27 IST" duration-ms="6037">
    <groups>
    </groups>
    <test started-at="2023-10-04T04:52:21 IST" name="Default test" finished-at="2023-10-04T04:52:27 IST" duration-ms="6037">
      <class name="m_jk.mvjek.forthtest">
        <test-method signature="Testgoogle()[pri:0, instance:m_jk.mvjek.forthtest@221a3fa4]" started-at="2023-10-04T04:52:21 IST" name="Testgoogle" finished-at="2023-10-04T04:52:27 IST" duration-ms="5992" status="PASS">
          <reporter-output>
          </reporter-output>
        </test-method> <!-- Testgoogle -->
      </class> <!-- m_jk.mvjek.forthtest -->
    </test> <!-- Default test -->
  </suite> <!-- Default suite -->
</testng-results>
